{"/home/renan/projetos/estudo/node/igti/testes-aula/calculadora/src/calcula-valor.js": {"path":"/home/renan/projetos/estudo/node/igti/testes-aula/calculadora/src/calcula-valor.js","statementMap":{"0":{"start":{"line":2,"column":17},"end":{"line":2,"column":60}},"1":{"start":{"line":3,"column":2},"end":{"line":3,"column":33}},"2":{"start":{"line":4,"column":2},"end":{"line":4,"column":17}},"3":{"start":{"line":8,"column":19},"end":{"line":8,"column":22}},"4":{"start":{"line":9,"column":2},"end":{"line":9,"column":67}},"5":{"start":{"line":13,"column":2},"end":{"line":13,"column":33}},"6":{"start":{"line":14,"column":24},"end":{"line":14,"column":61}},"7":{"start":{"line":15,"column":16},"end":{"line":15,"column":57}},"8":{"start":{"line":17,"column":16},"end":{"line":17,"column":58}},"9":{"start":{"line":18,"column":14},"end":{"line":18,"column":46}},"10":{"start":{"line":20,"column":14},"end":{"line":20,"column":15}},"11":{"start":{"line":21,"column":2},"end":{"line":25,"column":3}},"12":{"start":{"line":22,"column":4},"end":{"line":22,"column":50}},"13":{"start":{"line":23,"column":4},"end":{"line":23,"column":36}},"14":{"start":{"line":24,"column":4},"end":{"line":24,"column":11}},"15":{"start":{"line":27,"column":2},"end":{"line":27,"column":28}},"16":{"start":{"line":28,"column":2},"end":{"line":32,"column":3}},"17":{"start":{"line":29,"column":4},"end":{"line":29,"column":50}},"18":{"start":{"line":30,"column":4},"end":{"line":30,"column":36}},"19":{"start":{"line":31,"column":4},"end":{"line":31,"column":11}},"20":{"start":{"line":34,"column":2},"end":{"line":34,"column":14}},"21":{"start":{"line":37,"column":0},"end":{"line":37,"column":69}}},"fnMap":{"0":{"name":"calcularMontante","decl":{"start":{"line":1,"column":9},"end":{"line":1,"column":25}},"loc":{"start":{"line":1,"column":51},"end":{"line":5,"column":1}},"line":1},"1":{"name":"arredondar","decl":{"start":{"line":7,"column":9},"end":{"line":7,"column":19}},"loc":{"start":{"line":7,"column":28},"end":{"line":10,"column":1}},"line":7},"2":{"name":"calcularPrestacoes","decl":{"start":{"line":12,"column":9},"end":{"line":12,"column":27}},"loc":{"start":{"line":12,"column":55},"end":{"line":35,"column":1}},"line":12}},"branchMap":{},"s":{"0":2,"1":2,"2":2,"3":34,"4":34,"5":5,"6":5,"7":5,"8":5,"9":5,"10":5,"11":5,"12":3,"13":3,"14":3,"15":5,"16":5,"17":1,"18":1,"19":1,"20":5,"21":1},"f":{"0":2,"1":34,"2":5},"b":{},"_coverageSchema":"1a1c01bbd47fc00a2c39e90264f33305004495a9","hash":"797fc1c0b26ed1b2045e8aa4581e45668eaf15dd"}
}
