TN:
SF:__test__/extensoes.js
FN:4,(anonymous_0)
FN:5,(anonymous_1)
FN:9,(anonymous_2)
FN:14,(anonymous_3)
FN:19,(anonymous_4)
FN:26,(anonymous_5)
FNF:6
FNH:3
FNDA:2,(anonymous_0)
FNDA:4,(anonymous_1)
FNDA:0,(anonymous_2)
FNDA:2,(anonymous_3)
FNDA:0,(anonymous_4)
FNDA:0,(anonymous_5)
DA:1,1
DA:3,1
DA:5,4
DA:6,2
DA:8,2
DA:9,0
DA:15,2
DA:16,4
DA:17,4
DA:18,0
DA:19,0
DA:25,2
DA:26,0
LF:13
LH:9
BRDA:17,0,0,0
BRDA:17,0,1,4
BRF:2
BRH:1
end_of_record
TN:
SF:src/app.js
FN:9,(anonymous_0)
FN:19,(anonymous_1)
FNF:2
FNH:2
FNDA:2,(anonymous_0)
FNDA:4,(anonymous_1)
DA:1,1
DA:2,1
DA:3,1
DA:5,1
DA:7,1
DA:9,1
DA:10,2
DA:13,1
DA:20,4
DA:21,4
DA:22,1
DA:25,3
DA:26,3
DA:32,0
DA:34,3
DA:39,1
LF:16
LH:15
BRDA:21,0,0,1
BRDA:21,0,1,3
BRF:2
BRH:2
end_of_record
TN:
SF:src/calcula-valor.js
FN:1,calcularMontante
FN:7,arredondar
FN:12,calcularPrestacoes
FNF:3
FNH:3
FNDA:2,calcularMontante
FNDA:36,arredondar
FNDA:5,calcularPrestacoes
DA:2,2
DA:3,2
DA:4,2
DA:8,36
DA:9,36
DA:13,5
DA:14,5
DA:15,5
DA:17,5
DA:18,5
DA:20,5
DA:21,5
DA:22,3
DA:23,3
DA:24,3
DA:27,5
DA:28,5
DA:29,1
DA:30,1
DA:31,1
DA:34,5
DA:37,2
LF:22
LH:22
BRF:0
BRH:0
end_of_record
TN:
SF:src/consulta-cliente.js
FN:7,(anonymous_0)
FNF:1
FNH:1
FNDA:3,(anonymous_0)
DA:1,1
DA:3,1
DA:5,1
DA:7,1
DA:8,3
DA:12,3
DA:13,2
DA:19,3
DA:26,0
DA:27,0
DA:28,0
DA:29,0
DA:30,0
DA:34,0
DA:35,0
DA:37,0
DA:46,0
DA:48,0
DA:57,1
LF:19
LH:9
BRDA:12,0,0,2
BRDA:12,0,1,1
BRDA:26,1,0,0
BRDA:26,1,1,0
BRDA:29,2,0,0
BRDA:29,2,1,0
BRF:6
BRH:2
end_of_record
TN:
SF:src/db.js
FN:13,(anonymous_0)
FN:29,(anonymous_1)
FNF:2
FNH:2
FNDA:1,(anonymous_0)
FNDA:1,(anonymous_1)
DA:1,1
DA:3,1
DA:13,1
DA:14,1
DA:29,1
DA:30,1
DA:54,1
DA:55,1
DA:57,1
DA:58,1
DA:60,1
DA:61,1
DA:63,1
LF:13
LH:13
BRF:0
BRH:0
end_of_record
