TN:
SF:__test__/extensoes.js
FN:4,(anonymous_0)
FN:5,(anonymous_1)
FN:9,(anonymous_2)
FN:14,(anonymous_3)
FN:19,(anonymous_4)
FN:26,(anonymous_5)
FNF:6
FNH:3
FNDA:2,(anonymous_0)
FNDA:4,(anonymous_1)
FNDA:0,(anonymous_2)
FNDA:2,(anonymous_3)
FNDA:0,(anonymous_4)
FNDA:0,(anonymous_5)
DA:1,1
DA:3,1
DA:5,4
DA:6,2
DA:8,2
DA:9,0
DA:15,2
DA:16,4
DA:17,4
DA:18,0
DA:19,0
DA:25,2
DA:26,0
LF:13
LH:9
BRDA:17,0,0,0
BRDA:17,0,1,4
BRF:2
BRH:1
end_of_record
TN:
SF:src/calcula-valor.js
FN:1,calcularMontante
FN:7,arredondar
FN:12,calcularPrestacoes
FNF:3
FNH:3
FNDA:2,calcularMontante
FNDA:36,arredondar
FNDA:5,calcularPrestacoes
DA:2,2
DA:3,2
DA:4,2
DA:8,36
DA:9,36
DA:13,5
DA:14,5
DA:15,5
DA:17,5
DA:18,5
DA:20,5
DA:21,5
DA:22,3
DA:23,3
DA:24,3
DA:27,5
DA:28,5
DA:29,1
DA:30,1
DA:31,1
DA:34,5
DA:37,1
LF:22
LH:22
BRF:0
BRH:0
end_of_record
